\BOOKMARK [1][]{section*.1}{List of Figures}{}% 1
\BOOKMARK [1][]{section*.2}{List of Tables}{}% 2
\BOOKMARK [1][]{section.1}{Introduction}{}% 3
\BOOKMARK [1][]{section.2}{General Architecture}{}% 4
\BOOKMARK [1][]{section.3}{RS\137Server}{}% 5
\BOOKMARK [2][-]{subsection.3.1}{Implementation and Technology}{section.3}% 6
\BOOKMARK [2][-]{subsection.3.2}{Communication Paradigm}{section.3}% 7
\BOOKMARK [2][-]{subsection.3.3}{Database}{section.3}% 8
\BOOKMARK [2][-]{subsection.3.4}{Class Diagram}{section.3}% 9
\BOOKMARK [2][-]{subsection.3.5}{Deploy}{section.3}% 10
\BOOKMARK [3][-]{subsubsection.3.5.1}{1: Manual Way}{subsection.3.5}% 11
\BOOKMARK [4][-]{subsubsubsection.3.5.1.1}{Requirements}{subsubsection.3.5.1}% 12
\BOOKMARK [4][-]{subsubsubsection.3.5.1.2}{How To}{subsubsection.3.5.1}% 13
\BOOKMARK [4][-]{subsubsubsection.3.5.1.3}{Quick Cheatsheet}{subsubsection.3.5.1}% 14
\BOOKMARK [3][-]{subsubsection.3.5.2}{2: Manual Way \(But Faster\)}{subsection.3.5}% 15
\BOOKMARK [4][-]{subsubsubsection.3.5.2.1}{Requirements}{subsubsection.3.5.2}% 16
\BOOKMARK [4][-]{subsubsubsection.3.5.2.2}{How To}{subsubsection.3.5.2}% 17
\BOOKMARK [3][-]{subsubsection.3.5.3}{3: Heroku Deploy}{subsection.3.5}% 18
\BOOKMARK [4][-]{subsubsubsection.3.5.3.1}{Requirements}{subsubsection.3.5.3}% 19
\BOOKMARK [4][-]{subsubsubsection.3.5.3.2}{How To}{subsubsection.3.5.3}% 20
\BOOKMARK [4][-]{subsubsubsection.3.5.3.3}{Quick Cheatsheet}{subsubsection.3.5.3}% 21
\BOOKMARK [3][-]{subsubsection.3.5.4}{Environment Variables}{subsection.3.5}% 22
\BOOKMARK [4][-]{subsubsubsection.3.5.4.1}{.env file}{subsubsection.3.5.4}% 23
\BOOKMARK [4][-]{subsubsubsection.3.5.4.2}{Heroku App}{subsubsection.3.5.4}% 24
\BOOKMARK [1][]{section.4}{RS\137PDF}{}% 25
\BOOKMARK [2][-]{subsection.4.1}{Implementation and Technology}{section.4}% 26
\BOOKMARK [2][-]{subsection.4.2}{Package Diagram}{section.4}% 27
\BOOKMARK [2][-]{subsection.4.3}{Class Diagram}{section.4}% 28
\BOOKMARK [2][-]{subsection.4.4}{Installation}{section.4}% 29
\BOOKMARK [3][-]{subsubsection.4.4.1}{Requirements}{subsection.4.4}% 30
\BOOKMARK [3][-]{subsubsection.4.4.2}{Commmand Line Interface}{subsection.4.4}% 31
\BOOKMARK [1][]{section.5}{RS\137Rate}{}% 32
\BOOKMARK [2][-]{subsection.5.1}{Implementation and Technology}{section.5}% 33
\BOOKMARK [2][-]{subsection.5.2}{Installation}{section.5}% 34
\BOOKMARK [1][]{section.6}{RS\137Py}{}% 35
\BOOKMARK [2][-]{subsection.6.1}{Implementation and Technology}{section.6}% 36
\BOOKMARK [2][-]{subsection.6.2}{Installation}{section.6}% 37
\BOOKMARK [2][-]{subsection.6.3}{Usage}{section.6}% 38
\BOOKMARK [1][]{table.caption.21}{References}{}% 39
